0 info it worked if it ends with ok
1 verbose cli [ '/usr/bin/nodejs',
1 verbose cli   '/usr/bin/npm',
1 verbose cli   'install',
1 verbose cli   '-g',
1 verbose cli   'electron-packager' ]
2 info using npm@2.15.1
3 info using node@v4.4.4
4 verbose install initial load of /usr/lib/package.json
5 verbose readDependencies loading dependencies from /usr/lib/package.json
6 silly cache add args [ 'electron-packager', null ]
7 verbose cache add spec electron-packager
8 silly cache add parsed spec Result {
8 silly cache add   raw: 'electron-packager',
8 silly cache add   scope: null,
8 silly cache add   name: 'electron-packager',
8 silly cache add   rawSpec: '',
8 silly cache add   spec: 'latest',
8 silly cache add   type: 'tag' }
9 silly addNamed electron-packager@latest
10 verbose addNamed "latest" is being treated as a dist-tag for electron-packager
11 info addNameTag [ 'electron-packager', 'latest' ]
12 silly mapToRegistry name electron-packager
13 silly mapToRegistry using default registry
14 silly mapToRegistry registry https://registry.npmjs.org/
15 silly mapToRegistry data Result {
15 silly mapToRegistry   raw: 'electron-packager',
15 silly mapToRegistry   scope: null,
15 silly mapToRegistry   name: 'electron-packager',
15 silly mapToRegistry   rawSpec: '',
15 silly mapToRegistry   spec: 'latest',
15 silly mapToRegistry   type: 'tag' }
16 silly mapToRegistry uri https://registry.npmjs.org/electron-packager
17 verbose addNameTag registry:https://registry.npmjs.org/electron-packager not in flight; fetching
18 verbose request uri https://registry.npmjs.org/electron-packager
19 verbose request no auth needed
20 info attempt registry request try #1 at 9:34:07 AM
21 verbose request id e18b613deb6ef8bf
22 verbose etag "4XJDT0MAOJWJSMN48TH3S1JNK"
23 http request GET https://registry.npmjs.org/electron-packager
24 http 304 https://registry.npmjs.org/electron-packager
25 verbose headers { date: 'Mon, 09 May 2016 13:34:07 GMT',
25 verbose headers   via: '1.1 varnish',
25 verbose headers   'cache-control': 'max-age=300',
25 verbose headers   etag: '"4XJDT0MAOJWJSMN48TH3S1JNK"',
25 verbose headers   age: '59',
25 verbose headers   connection: 'keep-alive',
25 verbose headers   'x-served-by': 'cache-iad2131-IAD',
25 verbose headers   'x-cache': 'HIT',
25 verbose headers   'x-cache-hits': '1',
25 verbose headers   'x-timer': 'S1462800847.843999,VS0,VE0',
25 verbose headers   vary: 'Accept-Encoding' }
26 silly get cb [ 304,
26 silly get   { date: 'Mon, 09 May 2016 13:34:07 GMT',
26 silly get     via: '1.1 varnish',
26 silly get     'cache-control': 'max-age=300',
26 silly get     etag: '"4XJDT0MAOJWJSMN48TH3S1JNK"',
26 silly get     age: '59',
26 silly get     connection: 'keep-alive',
26 silly get     'x-served-by': 'cache-iad2131-IAD',
26 silly get     'x-cache': 'HIT',
26 silly get     'x-cache-hits': '1',
26 silly get     'x-timer': 'S1462800847.843999,VS0,VE0',
26 silly get     vary: 'Accept-Encoding' } ]
27 verbose etag https://registry.npmjs.org/electron-packager from cache
28 verbose get saving electron-packager to /home/kyle/.npm/registry.npmjs.org/electron-packager/.cache.json
29 verbose correctMkdir /home/kyle/.npm correctMkdir not in flight; initializing
30 silly addNameTag next cb for electron-packager with tag latest
31 silly addNamed electron-packager@7.0.1
32 verbose addNamed "7.0.1" is a plain semver version for electron-packager
33 silly cache afterAdd electron-packager@7.0.1
34 verbose afterAdd /home/kyle/.npm/electron-packager/7.0.1/package/package.json not in flight; writing
35 verbose correctMkdir /home/kyle/.npm correctMkdir not in flight; initializing
36 verbose afterAdd /home/kyle/.npm/electron-packager/7.0.1/package/package.json written
37 silly install resolved [ { name: 'electron-packager',
37 silly install resolved     version: '7.0.1',
37 silly install resolved     description: 'Package and distribute your Electron app with OS-specific bundles (.app, .exe etc) via JS or CLI',
37 silly install resolved     main: 'index.js',
37 silly install resolved     bin: { 'electron-packager': 'cli.js' },
37 silly install resolved     repository:
37 silly install resolved      { type: 'git',
37 silly install resolved        url: 'git+https://github.com/electron-userland/electron-packager.git' },
37 silly install resolved     author: { name: 'max ogden' },
37 silly install resolved     license: 'BSD-2-Clause',
37 silly install resolved     bugs: { url: 'https://github.com/electron-userland/electron-packager/issues' },
37 silly install resolved     homepage: 'https://github.com/electron-userland/electron-packager',
37 silly install resolved     dependencies:
37 silly install resolved      { asar: '^0.11.0',
37 silly install resolved        'electron-download': '^2.0.0',
37 silly install resolved        'electron-osx-sign': '^0.3.0',
37 silly install resolved        'extract-zip': '^1.0.3',
37 silly install resolved        'fs-extra': '^0.26.5',
37 silly install resolved        'get-package-info': '0.0.2',
37 silly install resolved        minimist: '^1.1.1',
37 silly install resolved        plist: '^1.1.0',
37 silly install resolved        rcedit: '^0.5.0',
37 silly install resolved        resolve: '^1.1.6',
37 silly install resolved        'run-series': '^1.1.1' },
37 silly install resolved     devDependencies:
37 silly install resolved      { 'buffer-equal': '^1.0.0',
37 silly install resolved        coveralls: '^2.11.6',
37 silly install resolved        'is-admin': '^1.0.2',
37 silly install resolved        nyc: '^6.0.0',
37 silly install resolved        rcinfo: '^0.1.3',
37 silly install resolved        rimraf: '^2.3.2',
37 silly install resolved        'run-waterfall': '^1.1.1',
37 silly install resolved        standard: '^6.0.0',
37 silly install resolved        tape: '^4.0.0' },
37 silly install resolved     engines: { node: '>= 4.0' },
37 silly install resolved     scripts:
37 silly install resolved      { coveralls: 'nyc report --reporter=text-lcov | coveralls',
37 silly install resolved        pretest: 'rimraf test/work',
37 silly install resolved        test: 'standard && nyc --cache tape test' },
37 silly install resolved     standard: { ignore: [Object] },
37 silly install resolved     directories: { test: 'test' },
37 silly install resolved     keywords: [],
37 silly install resolved     gitHead: '8ef031a9b7bd1312d594ca9e47b24c3f56bac03c',
37 silly install resolved     _id: 'electron-packager@7.0.1',
37 silly install resolved     _shasum: '1b86058e99653cadfcf2e4d4201ceb4a0ea68478',
37 silly install resolved     _from: 'electron-packager@latest',
37 silly install resolved     _npmVersion: '3.8.3',
37 silly install resolved     _nodeVersion: '5.10.1',
37 silly install resolved     _npmUser:
37 silly install resolved      { name: 'malept',
37 silly install resolved        email: 'nodejs.npm.nospam@lazymalevolence.com' },
37 silly install resolved     dist:
37 silly install resolved      { shasum: '1b86058e99653cadfcf2e4d4201ceb4a0ea68478',
37 silly install resolved        tarball: 'https://registry.npmjs.org/electron-packager/-/electron-packager-7.0.1.tgz' },
37 silly install resolved     maintainers:
37 silly install resolved      [ [Object],
37 silly install resolved        [Object],
37 silly install resolved        [Object],
37 silly install resolved        [Object],
37 silly install resolved        [Object],
37 silly install resolved        [Object],
37 silly install resolved        [Object],
37 silly install resolved        [Object] ],
37 silly install resolved     _npmOperationalInternal:
37 silly install resolved      { host: 'packages-16-east.internal.npmjs.com',
37 silly install resolved        tmp: 'tmp/electron-packager-7.0.1.tgz_1461253275221_0.974320326000452' },
37 silly install resolved     _resolved: 'https://registry.npmjs.org/electron-packager/-/electron-packager-7.0.1.tgz',
37 silly install resolved     readme: 'ERROR: No README data found!' } ]
38 info install electron-packager@7.0.1 into /usr/lib
39 info installOne electron-packager@7.0.1
40 verbose installOne of electron-packager to /usr/lib not in flight; installing
41 verbose correctMkdir /home/kyle/.npm/_locks correctMkdir not in flight; initializing
42 verbose lock using /home/kyle/.npm/_locks/electron-packager-77bdb11f0dc49da1.lock for /usr/lib/node_modules/electron-packager
43 silly install write writing electron-packager 7.0.1 to /usr/lib/node_modules/electron-packager
44 verbose unbuild lib/node_modules/electron-packager
45 info preuninstall electron-packager@7.0.1
46 info uninstall electron-packager@7.0.1
47 verbose unbuild rmStuff electron-packager@7.0.1 from /usr/lib/node_modules
48 silly gentlyRm /usr/bin/electron-packager is being gently removed
49 silly gentlyRm verifying /usr is an npm working directory
50 silly gentlyRm containing path /usr is under npm's control, in /usr
51 silly gentlyRm deletion target /usr/bin/electron-packager is under /usr
52 verbose gentlyRm vacuuming from /usr/bin/electron-packager up to /usr
53 silly vacuum-fs removing /usr/bin/electron-packager
54 verbose unlock done using /home/kyle/.npm/_locks/electron-packager-77bdb11f0dc49da1.lock for /usr/lib/node_modules/electron-packager
55 verbose stack Error: EACCES: permission denied, unlink '/usr/bin/electron-packager'
55 verbose stack     at Error (native)
56 verbose cwd /home/kyle/Development/Mines
57 error Linux 3.19.0-32-generic
58 error argv "/usr/bin/nodejs" "/usr/bin/npm" "install" "-g" "electron-packager"
59 error node v4.4.4
60 error npm  v2.15.1
61 error path /usr/bin/electron-packager
62 error code EACCES
63 error errno -13
64 error syscall unlink
65 error Error: EACCES: permission denied, unlink '/usr/bin/electron-packager'
65 error     at Error (native)
65 error  { [Error: EACCES: permission denied, unlink '/usr/bin/electron-packager']
65 error   errno: -13,
65 error   code: 'EACCES',
65 error   syscall: 'unlink',
65 error   path: '/usr/bin/electron-packager' }
66 error Please try running this command again as root/Administrator.
67 verbose exit [ -13, true ]
68 verbose unbuild lib/node_modules/electron-packager
69 info preuninstall electron-packager@7.0.1
70 info uninstall electron-packager@7.0.1
71 verbose unbuild rmStuff electron-packager@7.0.1 from /usr/lib/node_modules
72 silly gentlyRm /usr/bin/electron-packager is being gently removed
73 silly gentlyRm verifying /usr is an npm working directory
74 silly gentlyRm containing path /usr is under npm's control, in /usr
75 silly gentlyRm deletion target /usr/bin/electron-packager is under /usr
76 verbose gentlyRm vacuuming from /usr/bin/electron-packager up to /usr
77 silly vacuum-fs removing /usr/bin/electron-packager
78 error error rolling back Error: EACCES: permission denied, unlink '/usr/bin/electron-packager'
78 error error rolling back     at Error (native)
78 error error rolling back  { [Error: EACCES: permission denied, unlink '/usr/bin/electron-packager']
78 error error rolling back   errno: -13,
78 error error rolling back   code: 'EACCES',
78 error error rolling back   syscall: 'unlink',
78 error error rolling back   path: '/usr/bin/electron-packager' }
